This is pdfTeX, Version 3.141592653-2.6-1.40.22 (MiKTeX 21.6) (preloaded format=latex 2021.8.28)  29 AUG 2021 00:23
entering extended mode
**./Outline.tex
(Outline.tex
LaTeX2e <2021-06-01>
L3 programming layer <2021-06-01>
(C:\Users\Forrest\AppData\Local\Programs\MiKTeX\tex/latex/base\article.cls
Document Class: article 2021/02/12 v1.4n Standard LaTeX document class
(C:\Users\Forrest\AppData\Local\Programs\MiKTeX\tex/latex/base\size12.clo
File: size12.clo 2021/02/12 v1.4n Standard LaTeX file (size option)
)
\c@part=\count182
\c@section=\count183
\c@subsection=\count184
\c@subsubsection=\count185
\c@paragraph=\count186
\c@subparagraph=\count187
\c@figure=\count188
\c@table=\count189
\abovecaptionskip=\skip47
\belowcaptionskip=\skip48
\bibindent=\dimen138
)
(C:\Users\Forrest\AppData\Local\Programs\MiKTeX\tex/latex/blindtext\blindtext.s
ty
Package: blindtext 2012/01/06 V2.0 blindtext-Package
 (C:\Users\Forrest\AppData\Local\Programs\MiKTeX\tex/latex/tools\xspace.sty
Package: xspace 2014/10/28 v1.13 Space after command names (DPC,MH)
)
\c@blindtext=\count190
\c@Blindtext=\count191
\c@blind@countparstart=\count192
\blind@countxx=\count193
\blindtext@numBlindtext=\count194
\blind@countyy=\count195
\c@blindlist=\count196
\c@blindlistlevel=\count197
\c@blindlist@level=\count198
\blind@listitem=\count199
\c@blind@listcount=\count266
\c@blind@levelcount=\count267
\blind@mathformula=\count268
\blind@Mathformula=\count269
\c@blind@randomcount=\count270
\c@blind@randommax=\count271
\c@blind@pangramcount=\count272
\c@blind@pangrammax=\count273
) (C:\Users\Forrest\AppData\Local\Programs\MiKTeX\tex/latex/tools\multicol.sty
Package: multicol 2019/12/09 v1.8y multicolumn formatting (FMi)
\c@tracingmulticols=\count274
\mult@box=\box50
\multicol@leftmargin=\dimen139
\c@unbalance=\count275
\c@collectmore=\count276
\doublecol@number=\count277
\multicoltolerance=\count278
\multicolpretolerance=\count279
\full@width=\dimen140
\page@free=\dimen141
\premulticols=\dimen142
\postmulticols=\dimen143
\multicolsep=\skip49
\multicolbaselineskip=\skip50
\partial@page=\box51
\last@line=\box52
\maxbalancingoverflow=\dimen144
\mult@rightbox=\box53
\mult@grightbox=\box54
\mult@gfirstbox=\box55
\mult@firstbox=\box56
\@tempa=\box57
\@tempa=\box58
\@tempa=\box59
\@tempa=\box60
\@tempa=\box61
\@tempa=\box62
\@tempa=\box63
\@tempa=\box64
\@tempa=\box65
\@tempa=\box66
\@tempa=\box67
\@tempa=\box68
\@tempa=\box69
\@tempa=\box70
\@tempa=\box71
\@tempa=\box72
\@tempa=\box73
\@tempa=\box74
\@tempa=\box75
\@tempa=\box76
\@tempa=\box77
\@tempa=\box78
\@tempa=\box79
\@tempa=\box80
\@tempa=\box81
\@tempa=\box82
\@tempa=\box83
\@tempa=\box84
\@tempa=\box85
\@tempa=\box86
\@tempa=\box87
\@tempa=\box88
\@tempa=\box89
\@tempa=\box90
\@tempa=\box91
\@tempa=\box92
\@tempa=\box93
\c@minrows=\count280
\c@columnbadness=\count281
\c@finalcolumnbadness=\count282
\last@try=\dimen145
\multicolovershoot=\dimen146
\multicolundershoot=\dimen147
\mult@nat@firstbox=\box94
\colbreak@box=\box95
\mc@col@check@num=\count283
)
(C:\Users\Forrest\AppData\Local\Programs\MiKTeX\tex/latex/l3backend\l3backend-d
vips.def
File: l3backend-dvips.def 2021-05-07 L3 backend support: dvips
\l__pdf_internal_box=\box96
\g__pdf_backend_object_int=\count284
\l__pdf_backend_content_box=\box97
\l__pdf_backend_model_box=\box98
\g__pdf_backend_annotation_int=\count285
\g__pdf_backend_link_int=\count286
\g__pdf_backend_link_sf_int=\count287
) (Outline.aux)
\openout1 = `Outline.aux'.

LaTeX Font Info:    Checking defaults for OML/cmm/m/it on input line 13.
LaTeX Font Info:    ... okay on input line 13.
LaTeX Font Info:    Checking defaults for OMS/cmsy/m/n on input line 13.
LaTeX Font Info:    ... okay on input line 13.
LaTeX Font Info:    Checking defaults for OT1/cmr/m/n on input line 13.
LaTeX Font Info:    ... okay on input line 13.
LaTeX Font Info:    Checking defaults for T1/cmr/m/n on input line 13.
LaTeX Font Info:    ... okay on input line 13.
LaTeX Font Info:    Checking defaults for TS1/cmr/m/n on input line 13.
LaTeX Font Info:    ... okay on input line 13.
LaTeX Font Info:    Checking defaults for OMX/cmex/m/n on input line 13.
LaTeX Font Info:    ... okay on input line 13.
LaTeX Font Info:    Checking defaults for U/cmr/m/n on input line 13.
LaTeX Font Info:    ... okay on input line 13.
LaTeX Font Info:    External font `cmex10' loaded for size
(Font)              <14.4> on input line 14.
LaTeX Font Info:    External font `cmex10' loaded for size
(Font)              <7> on input line 14.

Underfull \hbox (badness 6348) in paragraph at lines 20--22
\OT1/cmr/bx/n/10.95 lor sit amet, con-
 []


Underfull \hbox (badness 10000) in paragraph at lines 20--22
\OT1/cmr/bx/n/10.95 sectetuer adip-isc-ing
 []


Underfull \hbox (badness 10000) in paragraph at lines 20--22
\OT1/cmr/bx/n/10.95 in-ter-dum libero ut
 []


Underfull \hbox (badness 10000) in paragraph at lines 20--22
\OT1/cmr/bx/n/10.95 lobor-tis sol-lic-i-tudin.
 []


Underfull \hbox (badness 10000) in paragraph at lines 20--22
\OT1/cmr/bx/n/10.95 quis urna dic-tum
 []

[1

] [2]
Underfull \hbox (badness 10000) in paragraph at lines 34--34
[]\OT1/cmr/bx/n/17.28 Big Data At-
 []


Underfull \hbox (badness 10000) in paragraph at lines 34--34
\OT1/cmr/bx/n/17.28 tacks/Detection
 []

[3] [4] [5] [6] (Outline.aux) ) 
Here is how much of TeX's memory you used:
 730 strings out of 478865
 12957 string characters out of 2847738
 321448 words of memory out of 3000000
 18720 multiletter control sequences out of 15000+600000
 406501 words of font info for 37 fonts, out of 8000000 for 9000
 1141 hyphenation exceptions out of 8191
 42i,6n,52p,162b,325s stack positions out of 5000i,500n,10000p,200000b,80000s

Output written on Outline.dvi (6 pages, 20492 bytes).
